0 info it worked if it ends with ok
1 verbose cli [ '/usr/bin/node', '/usr/bin/npm', 'run', 'db:migrate' ]
2 info using npm@3.10.10
3 info using node@v6.11.5
4 verbose run-script [ 'predb:migrate', 'db:migrate', 'postdb:migrate' ]
5 info lifecycle term-project-csc667-project-jianhong-nhan-norald@1.0.0~predb:migrate: term-project-csc667-project-jianhong-nhan-norald@1.0.0
6 silly lifecycle term-project-csc667-project-jianhong-nhan-norald@1.0.0~predb:migrate: no script for predb:migrate, continuing
7 info lifecycle term-project-csc667-project-jianhong-nhan-norald@1.0.0~db:migrate: term-project-csc667-project-jianhong-nhan-norald@1.0.0
8 verbose lifecycle term-project-csc667-project-jianhong-nhan-norald@1.0.0~db:migrate: unsafe-perm in lifecycle true
9 verbose lifecycle term-project-csc667-project-jianhong-nhan-norald@1.0.0~db:migrate: PATH: /usr/lib/node_modules/npm/bin/node-gyp-bin:/home/noraldeno/Programming/term-project-csc667-project-jianhong-nhan-norald/node_modules/.bin:/home/noraldeno/bin:/home/noraldeno/.local/bin:/usr/local/sbin:/usr/local/bin:/usr/sbin:/usr/bin:/sbin:/bin:/usr/games:/usr/local/games:/snap/bin
10 verbose lifecycle term-project-csc667-project-jianhong-nhan-norald@1.0.0~db:migrate: CWD: /home/noraldeno/Programming/term-project-csc667-project-jianhong-nhan-norald
11 silly lifecycle term-project-csc667-project-jianhong-nhan-norald@1.0.0~db:migrate: Args: [ '-c', 'sequelize db:migrate' ]
12 silly lifecycle term-project-csc667-project-jianhong-nhan-norald@1.0.0~db:migrate: Returned: code: 1  signal: null
13 info lifecycle term-project-csc667-project-jianhong-nhan-norald@1.0.0~db:migrate: Failed to exec db:migrate script
14 verbose stack Error: term-project-csc667-project-jianhong-nhan-norald@1.0.0 db:migrate: `sequelize db:migrate`
14 verbose stack Exit status 1
14 verbose stack     at EventEmitter.<anonymous> (/usr/lib/node_modules/npm/lib/utils/lifecycle.js:255:16)
14 verbose stack     at emitTwo (events.js:106:13)
14 verbose stack     at EventEmitter.emit (events.js:191:7)
14 verbose stack     at ChildProcess.<anonymous> (/usr/lib/node_modules/npm/lib/utils/spawn.js:40:14)
14 verbose stack     at emitTwo (events.js:106:13)
14 verbose stack     at ChildProcess.emit (events.js:191:7)
14 verbose stack     at maybeClose (internal/child_process.js:920:16)
14 verbose stack     at Process.ChildProcess._handle.onexit (internal/child_process.js:230:5)
15 verbose pkgid term-project-csc667-project-jianhong-nhan-norald@1.0.0
16 verbose cwd /home/noraldeno/Programming/term-project-csc667-project-jianhong-nhan-norald
17 error Linux 4.10.0-37-generic
18 error argv "/usr/bin/node" "/usr/bin/npm" "run" "db:migrate"
19 error node v6.11.5
20 error npm  v3.10.10
21 error code ELIFECYCLE
22 error term-project-csc667-project-jianhong-nhan-norald@1.0.0 db:migrate: `sequelize db:migrate`
22 error Exit status 1
23 error Failed at the term-project-csc667-project-jianhong-nhan-norald@1.0.0 db:migrate script 'sequelize db:migrate'.
23 error Make sure you have the latest version of node.js and npm installed.
23 error If you do, this is most likely a problem with the term-project-csc667-project-jianhong-nhan-norald package,
23 error not with npm itself.
23 error Tell the author that this fails on your system:
23 error     sequelize db:migrate
23 error You can get information on how to open an issue for this project with:
23 error     npm bugs term-project-csc667-project-jianhong-nhan-norald
23 error Or if that isn't available, you can get their info via:
23 error     npm owner ls term-project-csc667-project-jianhong-nhan-norald
23 error There is likely additional logging output above.
24 verbose exit [ 1, true ]
